<?xml version="1.0" encoding="UTF-8"?>
<!-- Generated by org.testng.reporters.JUnitXMLReporter -->
<testsuite ignored="0" hostname="CSLH2007" failures="0" tests="4" name="Default test" time="5.611" errors="0" timestamp="2022-03-02T12:15:30 IST">
  <testcase classname="com.hrmshrisreports.testcases.RStandHRISApplyResignationTest" name="@BeforeMethod setUp" time="5.547">
    <failure type="org.openqa.selenium.SessionNotCreatedException" message="session not created: This version of ChromeDriver only supports Chrome version 96
Current browser version is 98.0.4758.102 with binary path C:\Program Files\Google\Chrome\Application\chrome.exe
Build info: version: &amp;apos;3.141.59&amp;apos;, revision: &amp;apos;e82be7d358&amp;apos;, time: &amp;apos;2018-11-14T08:17:03&amp;apos;
System info: host: &amp;apos;CSLH2007&amp;apos;, ip: &amp;apos;10.5.102.140&amp;apos;, os.name: &amp;apos;Windows 10&amp;apos;, os.arch: &amp;apos;amd64&amp;apos;, os.version: &amp;apos;10.0&amp;apos;, java.version: &amp;apos;17.0.1&amp;apos;
Driver info: driver.version: ChromeDriver
remote stacktrace: Backtrace:
	Ordinal0 [0x00AF6903+2517251]
	Ordinal0 [0x00A8F8E1+2095329]
	Ordinal0 [0x00992848+1058888]
	Ordinal0 [0x009B0B9D+1182621]
	Ordinal0 [0x009ACA60+1165920]
	Ordinal0 [0x009AA2CF+1155791]
	Ordinal0 [0x009DAAAF+1354415]
	Ordinal0 [0x009DA71A+1353498]
	Ordinal0 [0x009D639B+1336219]
	Ordinal0 [0x009B27A7+1189799]
	Ordinal0 [0x009B3609+1193481]
	GetHandleVerifier [0x00C85904+1577972]
	GetHandleVerifier [0x00D30B97+2279047]
	GetHandleVerifier [0x00B86D09+534521]
	GetHandleVerifier [0x00B85DB9+530601]
	Ordinal0 [0x00A94FF9+2117625]
	Ordinal0 [0x00A998A8+2136232]
	Ordinal0 [0x00A999E2+2136546]
	Ordinal0 [0x00AA3541+2176321]
	BaseThreadInitThunk [0x75ABFA29+25]
	RtlGetAppContainerNamedObjectPath [0x77B67A9E+286]
	RtlGetAppContainerNamedObjectPath [0x77B67A6E+238]
">
      <![CDATA[org.openqa.selenium.SessionNotCreatedException: session not created: This version of ChromeDriver only supports Chrome version 96
Current browser version is 98.0.4758.102 with binary path C:\Program Files\Google\Chrome\Application\chrome.exe
Build info: version: '3.141.59', revision: 'e82be7d358', time: '2018-11-14T08:17:03'
System info: host: 'CSLH2007', ip: '10.5.102.140', os.name: 'Windows 10', os.arch: 'amd64', os.version: '10.0', java.version: '17.0.1'
Driver info: driver.version: ChromeDriver
remote stacktrace: Backtrace:
Ordinal0 [0x00AF6903+2517251]
Ordinal0 [0x00A8F8E1+2095329]
Ordinal0 [0x00992848+1058888]
Ordinal0 [0x009B0B9D+1182621]
Ordinal0 [0x009ACA60+1165920]
Ordinal0 [0x009AA2CF+1155791]
Ordinal0 [0x009DAAAF+1354415]
Ordinal0 [0x009DA71A+1353498]
Ordinal0 [0x009D639B+1336219]
Ordinal0 [0x009B27A7+1189799]
Ordinal0 [0x009B3609+1193481]
GetHandleVerifier [0x00C85904+1577972]
GetHandleVerifier [0x00D30B97+2279047]
GetHandleVerifier [0x00B86D09+534521]
GetHandleVerifier [0x00B85DB9+530601]
Ordinal0 [0x00A94FF9+2117625]
Ordinal0 [0x00A998A8+2136232]
Ordinal0 [0x00A999E2+2136546]
Ordinal0 [0x00AA3541+2176321]
BaseThreadInitThunk [0x75ABFA29+25]
RtlGetAppContainerNamedObjectPath [0x77B67A9E+286]
RtlGetAppContainerNamedObjectPath [0x77B67A6E+238]

at java.base/jdk.internal.reflect.NativeConstructorAccessorImpl.newInstance0(Native Method)
at java.base/jdk.internal.reflect.NativeConstructorAccessorImpl.newInstance(NativeConstructorAccessorImpl.java:77)
at java.base/jdk.internal.reflect.DelegatingConstructorAccessorImpl.newInstance(DelegatingConstructorAccessorImpl.java:45)
at java.base/java.lang.reflect.Constructor.newInstanceWithCaller(Constructor.java:499)
at java.base/java.lang.reflect.Constructor.newInstance(Constructor.java:480)
at org.openqa.selenium.remote.W3CHandshakeResponse.lambda$errorHandler$0(W3CHandshakeResponse.java:62)
at org.openqa.selenium.remote.HandshakeResponse.lambda$getResponseFunction$0(HandshakeResponse.java:30)
at org.openqa.selenium.remote.ProtocolHandshake.lambda$createSession$0(ProtocolHandshake.java:126)
at java.base/java.util.stream.ReferencePipeline$3$1.accept(ReferencePipeline.java:197)
at java.base/java.util.Spliterators$ArraySpliterator.tryAdvance(Spliterators.java:1002)
at java.base/java.util.stream.ReferencePipeline.forEachWithCancel(ReferencePipeline.java:129)
at java.base/java.util.stream.AbstractPipeline.copyIntoWithCancel(AbstractPipeline.java:527)
at java.base/java.util.stream.AbstractPipeline.copyInto(AbstractPipeline.java:513)
at java.base/java.util.stream.AbstractPipeline.wrapAndCopyInto(AbstractPipeline.java:499)
at java.base/java.util.stream.FindOps$FindOp.evaluateSequential(FindOps.java:150)
at java.base/java.util.stream.AbstractPipeline.evaluate(AbstractPipeline.java:234)
at java.base/java.util.stream.ReferencePipeline.findFirst(ReferencePipeline.java:647)
at org.openqa.selenium.remote.ProtocolHandshake.createSession(ProtocolHandshake.java:128)
at org.openqa.selenium.remote.ProtocolHandshake.createSession(ProtocolHandshake.java:74)
at org.openqa.selenium.remote.HttpCommandExecutor.execute(HttpCommandExecutor.java:136)
at org.openqa.selenium.remote.service.DriverCommandExecutor.execute(DriverCommandExecutor.java:83)
at org.openqa.selenium.remote.RemoteWebDriver.execute(RemoteWebDriver.java:552)
at org.openqa.selenium.remote.RemoteWebDriver.startSession(RemoteWebDriver.java:213)
at org.openqa.selenium.remote.RemoteWebDriver.<init>(RemoteWebDriver.java:131)
at org.openqa.selenium.chrome.ChromeDriver.<init>(ChromeDriver.java:181)
at org.openqa.selenium.chrome.ChromeDriver.<init>(ChromeDriver.java:168)
at org.openqa.selenium.chrome.ChromeDriver.<init>(ChromeDriver.java:123)
at com.hrms.base.TestBase.initialization(TestBase.java:47)
at com.hrmshrisreports.testcases.RStandHRISApplyResignationTest.setUp(RStandHRISApplyResignationTest.java:29)
at java.base/jdk.internal.reflect.NativeMethodAccessorImpl.invoke0(Native Method)
at java.base/jdk.internal.reflect.NativeMethodAccessorImpl.invoke(NativeMethodAccessorImpl.java:77)
at java.base/jdk.internal.reflect.DelegatingMethodAccessorImpl.invoke(DelegatingMethodAccessorImpl.java:43)
at java.base/java.lang.reflect.Method.invoke(Method.java:568)
at org.testng.internal.MethodInvocationHelper.invokeMethod(MethodInvocationHelper.java:133)
at org.testng.internal.MethodInvocationHelper.invokeMethodConsideringTimeout(MethodInvocationHelper.java:62)
at org.testng.internal.ConfigInvoker.invokeConfigurationMethod(ConfigInvoker.java:385)
at org.testng.internal.ConfigInvoker.invokeConfigurations(ConfigInvoker.java:321)
at org.testng.internal.TestInvoker.runConfigMethods(TestInvoker.java:700)
at org.testng.internal.TestInvoker.invokeMethod(TestInvoker.java:527)
at org.testng.internal.TestInvoker.invokeTestMethod(TestInvoker.java:173)
at org.testng.internal.MethodRunner.runInSequence(MethodRunner.java:46)
at org.testng.internal.TestInvoker$MethodInvocationAgent.invoke(TestInvoker.java:824)
at org.testng.internal.TestInvoker.invokeTestMethods(TestInvoker.java:146)
at org.testng.internal.TestMethodWorker.invokeTestMethods(TestMethodWorker.java:146)
at org.testng.internal.TestMethodWorker.run(TestMethodWorker.java:128)
at java.base/java.util.ArrayList.forEach(ArrayList.java:1511)
at org.testng.TestRunner.privateRun(TestRunner.java:794)
at org.testng.TestRunner.run(TestRunner.java:596)
at org.testng.SuiteRunner.runTest(SuiteRunner.java:377)
at org.testng.SuiteRunner.runSequentially(SuiteRunner.java:371)
at org.testng.SuiteRunner.privateRun(SuiteRunner.java:332)
at org.testng.SuiteRunner.run(SuiteRunner.java:276)
at org.testng.SuiteRunnerWorker.runSuite(SuiteRunnerWorker.java:53)
at org.testng.SuiteRunnerWorker.run(SuiteRunnerWorker.java:96)
at org.testng.TestNG.runSuitesSequentially(TestNG.java:1212)
at org.testng.TestNG.runSuitesLocally(TestNG.java:1134)
at org.testng.TestNG.runSuites(TestNG.java:1063)
at org.testng.TestNG.run(TestNG.java:1031)
at org.testng.remote.AbstractRemoteTestNG.run(AbstractRemoteTestNG.java:115)
at org.testng.remote.RemoteTestNG.initAndRun(RemoteTestNG.java:251)
at org.testng.remote.RemoteTestNG.main(RemoteTestNG.java:77)
]]>
    </failure>
  </testcase> <!-- @BeforeMethod setUp -->
  <testcase classname="com.hrmshrisreports.testcases.RStandHRISApplyResignationTest" name="@AfterMethod tearDown" time="-1.64620353011E9">
    <skipped/>
  </testcase> <!-- @AfterMethod tearDown -->
  <testcase classname="com.hrmshrisreports.testcases.RStandHRISApplyResignationTest" name="@BeforeMethod setUp" time="-1.646203530114E9">
    <skipped/>
  </testcase> <!-- @BeforeMethod setUp -->
  <testcase classname="com.hrmshrisreports.testcases.RStandHRISApplyResignationTest" name="@AfterMethod tearDown" time="-1.646203530119E9">
    <skipped/>
  </testcase> <!-- @AfterMethod tearDown -->
  <testcase classname="com.hrmshrisreports.testcases.RStandHRISApplyResignationTest" name="@BeforeMethod setUp" time="-1.64620353012E9">
    <skipped/>
  </testcase> <!-- @BeforeMethod setUp -->
  <testcase classname="com.hrmshrisreports.testcases.RStandHRISApplyResignationTest" name="@AfterMethod tearDown" time="-1.646203530126E9">
    <skipped/>
  </testcase> <!-- @AfterMethod tearDown -->
  <testcase classname="com.hrmshrisreports.testcases.RStandHRISApplyResignationTest" name="@BeforeMethod setUp" time="-1.646203530128E9">
    <skipped/>
  </testcase> <!-- @BeforeMethod setUp -->
  <testcase classname="com.hrmshrisreports.testcases.RStandHRISApplyResignationTest" name="@AfterMethod tearDown" time="-1.646203530133E9">
    <skipped/>
  </testcase> <!-- @AfterMethod tearDown -->
  <testcase classname="com.hrmshrisreports.testcases.RStandHRISApplyResignationTest" name="verifyPageTitleTest" time="0.0">
    <skipped/>
  </testcase> <!-- verifyPageTitleTest -->
  <testcase classname="com.hrmshrisreports.testcases.RStandHRISApplyResignationTest" name="verifyDownloadExcel" time="0.0">
    <skipped/>
  </testcase> <!-- verifyDownloadExcel -->
  <testcase classname="com.hrmshrisreports.testcases.RStandHRISApplyResignationTest" name="verifyDownloadPdf" time="0.0">
    <skipped/>
  </testcase> <!-- verifyDownloadPdf -->
  <testcase classname="com.hrmshrisreports.testcases.RStandHRISApplyResignationTest" name="verifyDownloadClose" time="0.0">
    <skipped/>
  </testcase> <!-- verifyDownloadClose -->
</testsuite> <!-- Default test -->
